0:0:0:0:0:0:0:1 - - [28/Dec/2022:08:51:20 -0500] "GET /api/empleados HTTP/1.1" 500 510577
0:0:0:0:0:0:0:1 - - [28/Dec/2022:08:53:49 -0500] "GET /api/empleados HTTP/1.1" 500 507281
0:0:0:0:0:0:0:1 - - [28/Dec/2022:08:56:47 -0500] "GET /api/empleados HTTP/1.1" 200 815
0:0:0:0:0:0:0:1 - - [28/Dec/2022:08:57:08 -0500] "GET /api/solicitudes HTTP/1.1" 200 210
0:0:0:0:0:0:0:1 - - [28/Dec/2022:08:57:24 -0500] "GET /api/solicitudes HTTP/1.1" 200 210
0:0:0:0:0:0:0:1 - - [28/Dec/2022:08:57:31 -0500] "GET /api/empleados HTTP/1.1" 200 815
0:0:0:0:0:0:0:1 - - [28/Dec/2022:08:57:55 -0500] "GET /api/empleados HTTP/1.1" 500 507281
0:0:0:0:0:0:0:1 - - [28/Dec/2022:09:00:17 -0500] "GET /api/empleados HTTP/1.1" 500 511216
0:0:0:0:0:0:0:1 - - [28/Dec/2022:09:03:04 -0500] "GET /api/empleados HTTP/1.1" 200 1019
0:0:0:0:0:0:0:1 - - [28/Dec/2022:09:03:11 -0500] "GET /api/solicitudes HTTP/1.1" 200 97
0:0:0:0:0:0:0:1 - - [28/Dec/2022:09:49:23 -0500] "GET /api/solicitudes HTTP/1.1" 500 12766
0:0:0:0:0:0:0:1 - - [28/Dec/2022:09:50:32 -0500] "GET /api/solicitudes HTTP/1.1" 500 12767
0:0:0:0:0:0:0:1 - - [28/Dec/2022:09:51:10 -0500] "POST /h2-console/login.do?jsessionid=a98b1d6af4a1723d5199c23e44081ff0 HTTP/1.1" 200 938
0:0:0:0:0:0:0:1 - - [28/Dec/2022:09:51:10 -0500] "GET /h2-console/stylesheet.css HTTP/1.1" 200 4924
0:0:0:0:0:0:0:1 - - [28/Dec/2022:09:51:10 -0500] "GET /h2-console/login.jsp?jsessionid=4c1668fdf7133e5e604f5a20e07548b3 HTTP/1.1" 200 9046
0:0:0:0:0:0:0:1 - - [28/Dec/2022:09:51:10 -0500] "GET /h2-console/background.gif HTTP/1.1" 200 169
0:0:0:0:0:0:0:1 - - [28/Dec/2022:09:51:10 -0500] "GET /favicon.ico HTTP/1.1" 404 144
0:0:0:0:0:0:0:1 - - [28/Dec/2022:09:51:15 -0500] "POST /h2-console/login.do?jsessionid=4c1668fdf7133e5e604f5a20e07548b3 HTTP/1.1" 200 1460
0:0:0:0:0:0:0:1 - - [28/Dec/2022:09:51:15 -0500] "GET /h2-console/header.jsp?jsessionid=4c1668fdf7133e5e604f5a20e07548b3 HTTP/1.1" 200 8070
0:0:0:0:0:0:0:1 - - [28/Dec/2022:09:51:15 -0500] "GET /h2-console/help.jsp?jsessionid=4c1668fdf7133e5e604f5a20e07548b3 HTTP/1.1" 200 5315
0:0:0:0:0:0:0:1 - - [28/Dec/2022:09:51:15 -0500] "GET /h2-console/query.jsp?jsessionid=4c1668fdf7133e5e604f5a20e07548b3 HTTP/1.1" 200 16430
0:0:0:0:0:0:0:1 - - [28/Dec/2022:09:51:15 -0500] "GET /h2-console/icon_disconnect.gif HTTP/1.1" 200 114
0:0:0:0:0:0:0:1 - - [28/Dec/2022:09:51:15 -0500] "GET /h2-console/icon_line.gif HTTP/1.1" 200 818
0:0:0:0:0:0:0:1 - - [28/Dec/2022:09:51:15 -0500] "GET /h2-console/icon_help.gif HTTP/1.1" 200 373
0:0:0:0:0:0:0:1 - - [28/Dec/2022:09:51:15 -0500] "GET /h2-console/icon_history.gif HTTP/1.1" 200 216
0:0:0:0:0:0:0:1 - - [28/Dec/2022:09:51:15 -0500] "GET /h2-console/icon_rollback.gif HTTP/1.1" 200 331
0:0:0:0:0:0:0:1 - - [28/Dec/2022:09:51:15 -0500] "GET /h2-console/icon_commit.gif HTTP/1.1" 200 323
0:0:0:0:0:0:0:1 - - [28/Dec/2022:09:51:15 -0500] "GET /h2-console/icon_refresh.gif HTTP/1.1" 200 327
0:0:0:0:0:0:0:1 - - [28/Dec/2022:09:51:15 -0500] "GET /h2-console/icon_run_selected.gif HTTP/1.1" 200 312
0:0:0:0:0:0:0:1 - - [28/Dec/2022:09:51:15 -0500] "GET /h2-console/icon_stop.gif HTTP/1.1" 200 215
0:0:0:0:0:0:0:1 - - [28/Dec/2022:09:51:15 -0500] "GET /h2-console/icon_run.gif HTTP/1.1" 200 379
0:0:0:0:0:0:0:1 - - [28/Dec/2022:09:51:15 -0500] "GET /h2-console/tables.do?jsessionid=4c1668fdf7133e5e604f5a20e07548b3 HTTP/1.1" 200 7961
0:0:0:0:0:0:0:1 - - [28/Dec/2022:09:51:15 -0500] "GET /h2-console/tree.js HTTP/1.1" 200 3185
0:0:0:0:0:0:0:1 - - [28/Dec/2022:09:51:15 -0500] "GET /h2-console/tree_database.gif HTTP/1.1" 200 545
0:0:0:0:0:0:0:1 - - [28/Dec/2022:09:51:15 -0500] "GET /h2-console/tree_table.gif HTTP/1.1" 200 343
0:0:0:0:0:0:0:1 - - [28/Dec/2022:09:51:15 -0500] "GET /h2-console/tree_minus.gif HTTP/1.1" 200 861
0:0:0:0:0:0:0:1 - - [28/Dec/2022:09:51:15 -0500] "GET /h2-console/tree_empty.gif HTTP/1.1" 200 62
0:0:0:0:0:0:0:1 - - [28/Dec/2022:09:51:15 -0500] "GET /h2-console/tree_plus.gif HTTP/1.1" 200 870
0:0:0:0:0:0:0:1 - - [28/Dec/2022:09:51:15 -0500] "GET /h2-console/tree_column.gif HTTP/1.1" 200 317
0:0:0:0:0:0:0:1 - - [28/Dec/2022:09:51:15 -0500] "GET /h2-console/tree_index_az.gif HTTP/1.1" 200 157
0:0:0:0:0:0:0:1 - - [28/Dec/2022:09:51:15 -0500] "GET /h2-console/tree_type.gif HTTP/1.1" 200 197
0:0:0:0:0:0:0:1 - - [28/Dec/2022:09:51:15 -0500] "GET /h2-console/tree_index.gif HTTP/1.1" 200 152
0:0:0:0:0:0:0:1 - - [28/Dec/2022:09:51:15 -0500] "GET /h2-console/tree_folder.gif HTTP/1.1" 200 372
0:0:0:0:0:0:0:1 - - [28/Dec/2022:09:51:15 -0500] "GET /h2-console/tree_sequence.gif HTTP/1.1" 200 91
0:0:0:0:0:0:0:1 - - [28/Dec/2022:09:51:15 -0500] "GET /h2-console/tree_users.gif HTTP/1.1" 200 601
0:0:0:0:0:0:0:1 - - [28/Dec/2022:09:51:15 -0500] "GET /h2-console/tree_sequences.gif HTTP/1.1" 200 114
0:0:0:0:0:0:0:1 - - [28/Dec/2022:09:51:15 -0500] "GET /h2-console/tree_info.gif HTTP/1.1" 200 267
0:0:0:0:0:0:0:1 - - [28/Dec/2022:09:51:15 -0500] "GET /h2-console/tree_user.gif HTTP/1.1" 200 500
0:0:0:0:0:0:0:1 - - [28/Dec/2022:09:51:48 -0500] "GET /api/solicitudes HTTP/1.1" 500 12770
0:0:0:0:0:0:0:1 - - [28/Dec/2022:09:52:16 -0500] "GET /api/solicitudes HTTP/1.1" 500 12769
0:0:0:0:0:0:0:1 - - [28/Dec/2022:09:52:55 -0500] "POST /h2-console/query.do?jsessionid=4c1668fdf7133e5e604f5a20e07548b3 HTTP/1.1" 200 938
0:0:0:0:0:0:0:1 - - [28/Dec/2022:09:52:55 -0500] "GET /h2-console/stylesheet.css HTTP/1.1" 200 4924
0:0:0:0:0:0:0:1 - - [28/Dec/2022:09:52:55 -0500] "GET /h2-console/login.jsp?jsessionid=9e3e5e19940682eb3673badaa96e3f70 HTTP/1.1" 200 9046
0:0:0:0:0:0:0:1 - - [28/Dec/2022:09:52:55 -0500] "GET /h2-console/login.jsp HTTP/1.1" 200 938
0:0:0:0:0:0:0:1 - - [28/Dec/2022:09:52:55 -0500] "GET /h2-console/background.gif HTTP/1.1" 200 169
0:0:0:0:0:0:0:1 - - [28/Dec/2022:09:52:55 -0500] "GET /h2-console/login.jsp?jsessionid=a0a42fd9c2a8e7fca23fa964fde37228 HTTP/1.1" 200 9046
0:0:0:0:0:0:0:1 - - [28/Dec/2022:09:52:59 -0500] "POST /h2-console/login.do?jsessionid=a0a42fd9c2a8e7fca23fa964fde37228 HTTP/1.1" 200 1460
0:0:0:0:0:0:0:1 - - [28/Dec/2022:09:52:59 -0500] "GET /h2-console/help.jsp?jsessionid=a0a42fd9c2a8e7fca23fa964fde37228 HTTP/1.1" 200 5315
0:0:0:0:0:0:0:1 - - [28/Dec/2022:09:52:59 -0500] "GET /h2-console/header.jsp?jsessionid=a0a42fd9c2a8e7fca23fa964fde37228 HTTP/1.1" 200 8070
0:0:0:0:0:0:0:1 - - [28/Dec/2022:09:52:59 -0500] "GET /h2-console/query.jsp?jsessionid=a0a42fd9c2a8e7fca23fa964fde37228 HTTP/1.1" 200 16430
0:0:0:0:0:0:0:1 - - [28/Dec/2022:09:52:59 -0500] "GET /h2-console/icon_history.gif HTTP/1.1" 200 216
0:0:0:0:0:0:0:1 - - [28/Dec/2022:09:52:59 -0500] "GET /h2-console/icon_help.gif HTTP/1.1" 200 373
0:0:0:0:0:0:0:1 - - [28/Dec/2022:09:52:59 -0500] "GET /h2-console/icon_disconnect.gif HTTP/1.1" 200 114
0:0:0:0:0:0:0:1 - - [28/Dec/2022:09:52:59 -0500] "GET /h2-console/icon_line.gif HTTP/1.1" 200 818
0:0:0:0:0:0:0:1 - - [28/Dec/2022:09:52:59 -0500] "GET /h2-console/icon_disconnect.gif HTTP/1.1" 200 114
0:0:0:0:0:0:0:1 - - [28/Dec/2022:09:52:59 -0500] "GET /h2-console/icon_run_selected.gif HTTP/1.1" 200 312
0:0:0:0:0:0:0:1 - - [28/Dec/2022:09:52:59 -0500] "GET /h2-console/icon_run.gif HTTP/1.1" 200 379
0:0:0:0:0:0:0:1 - - [28/Dec/2022:09:52:59 -0500] "GET /h2-console/icon_stop.gif HTTP/1.1" 200 215
0:0:0:0:0:0:0:1 - - [28/Dec/2022:09:52:59 -0500] "GET /h2-console/icon_rollback.gif HTTP/1.1" 200 331
0:0:0:0:0:0:0:1 - - [28/Dec/2022:09:52:59 -0500] "GET /h2-console/icon_commit.gif HTTP/1.1" 200 323
0:0:0:0:0:0:0:1 - - [28/Dec/2022:09:52:59 -0500] "GET /h2-console/icon_refresh.gif HTTP/1.1" 200 327
0:0:0:0:0:0:0:1 - - [28/Dec/2022:09:52:59 -0500] "GET /h2-console/tables.do?jsessionid=a0a42fd9c2a8e7fca23fa964fde37228 HTTP/1.1" 200 7961
0:0:0:0:0:0:0:1 - - [28/Dec/2022:09:52:59 -0500] "GET /h2-console/tree.js HTTP/1.1" 200 3185
0:0:0:0:0:0:0:1 - - [28/Dec/2022:09:52:59 -0500] "GET /h2-console/tree_empty.gif HTTP/1.1" 200 62
0:0:0:0:0:0:0:1 - - [28/Dec/2022:09:52:59 -0500] "GET /h2-console/tree_column.gif HTTP/1.1" 200 317
0:0:0:0:0:0:0:1 - - [28/Dec/2022:09:52:59 -0500] "GET /h2-console/tree_minus.gif HTTP/1.1" 200 861
0:0:0:0:0:0:0:1 - - [28/Dec/2022:09:52:59 -0500] "GET /h2-console/tree_table.gif HTTP/1.1" 200 343
0:0:0:0:0:0:0:1 - - [28/Dec/2022:09:52:59 -0500] "GET /h2-console/tree_database.gif HTTP/1.1" 200 545
0:0:0:0:0:0:0:1 - - [28/Dec/2022:09:52:59 -0500] "GET /h2-console/tree_plus.gif HTTP/1.1" 200 870
0:0:0:0:0:0:0:1 - - [28/Dec/2022:09:52:59 -0500] "GET /h2-console/tree_folder.gif HTTP/1.1" 200 372
0:0:0:0:0:0:0:1 - - [28/Dec/2022:09:52:59 -0500] "GET /h2-console/tree_users.gif HTTP/1.1" 200 601
0:0:0:0:0:0:0:1 - - [28/Dec/2022:09:52:59 -0500] "GET /h2-console/tree_type.gif HTTP/1.1" 200 197
0:0:0:0:0:0:0:1 - - [28/Dec/2022:09:52:59 -0500] "GET /h2-console/tree_info.gif HTTP/1.1" 200 267
0:0:0:0:0:0:0:1 - - [28/Dec/2022:09:52:59 -0500] "GET /h2-console/tree_index_az.gif HTTP/1.1" 200 157
0:0:0:0:0:0:0:1 - - [28/Dec/2022:09:52:59 -0500] "GET /h2-console/tree_sequences.gif HTTP/1.1" 200 114
0:0:0:0:0:0:0:1 - - [28/Dec/2022:09:52:59 -0500] "GET /h2-console/tree_index.gif HTTP/1.1" 200 152
0:0:0:0:0:0:0:1 - - [28/Dec/2022:09:52:59 -0500] "GET /h2-console/tree_sequence.gif HTTP/1.1" 200 91
0:0:0:0:0:0:0:1 - - [28/Dec/2022:09:52:59 -0500] "GET /h2-console/tree_user.gif HTTP/1.1" 200 500
0:0:0:0:0:0:0:1 - - [28/Dec/2022:09:53:04 -0500] "POST /h2-console/query.do?jsessionid=a0a42fd9c2a8e7fca23fa964fde37228 HTTP/1.1" 200 9854
0:0:0:0:0:0:0:1 - - [28/Dec/2022:09:53:04 -0500] "GET /h2-console/table.js HTTP/1.1" 200 8930
0:0:0:0:0:0:0:1 - - [28/Dec/2022:09:54:53 -0500] "GET /api/solicitudes HTTP/1.1" 500 12595
0:0:0:0:0:0:0:1 - - [28/Dec/2022:09:55:16 -0500] "POST /h2-console/login.do?jsessionid=a0a42fd9c2a8e7fca23fa964fde37228 HTTP/1.1" 200 938
0:0:0:0:0:0:0:1 - - [28/Dec/2022:09:55:16 -0500] "GET /h2-console/stylesheet.css HTTP/1.1" 200 4924
0:0:0:0:0:0:0:1 - - [28/Dec/2022:09:55:16 -0500] "GET /h2-console/login.jsp?jsessionid=bf7bfad1e1c7721a00489f842eae39d0 HTTP/1.1" 200 9046
0:0:0:0:0:0:0:1 - - [28/Dec/2022:09:55:16 -0500] "GET /h2-console/background.gif HTTP/1.1" 200 169
0:0:0:0:0:0:0:1 - - [28/Dec/2022:09:55:21 -0500] "POST /h2-console/login.do?jsessionid=bf7bfad1e1c7721a00489f842eae39d0 HTTP/1.1" 200 1460
0:0:0:0:0:0:0:1 - - [28/Dec/2022:09:55:21 -0500] "GET /h2-console/header.jsp?jsessionid=bf7bfad1e1c7721a00489f842eae39d0 HTTP/1.1" 200 8070
0:0:0:0:0:0:0:1 - - [28/Dec/2022:09:55:21 -0500] "GET /h2-console/help.jsp?jsessionid=bf7bfad1e1c7721a00489f842eae39d0 HTTP/1.1" 200 5315
0:0:0:0:0:0:0:1 - - [28/Dec/2022:09:55:21 -0500] "GET /h2-console/query.jsp?jsessionid=bf7bfad1e1c7721a00489f842eae39d0 HTTP/1.1" 200 16430
0:0:0:0:0:0:0:1 - - [28/Dec/2022:09:55:21 -0500] "GET /h2-console/icon_disconnect.gif HTTP/1.1" 200 114
0:0:0:0:0:0:0:1 - - [28/Dec/2022:09:55:21 -0500] "GET /h2-console/icon_line.gif HTTP/1.1" 200 818
0:0:0:0:0:0:0:1 - - [28/Dec/2022:09:55:21 -0500] "GET /h2-console/icon_history.gif HTTP/1.1" 200 216
0:0:0:0:0:0:0:1 - - [28/Dec/2022:09:55:21 -0500] "GET /h2-console/icon_help.gif HTTP/1.1" 200 373
0:0:0:0:0:0:0:1 - - [28/Dec/2022:09:55:21 -0500] "GET /h2-console/icon_rollback.gif HTTP/1.1" 200 331
0:0:0:0:0:0:0:1 - - [28/Dec/2022:09:55:21 -0500] "GET /h2-console/icon_refresh.gif HTTP/1.1" 200 327
0:0:0:0:0:0:0:1 - - [28/Dec/2022:09:55:21 -0500] "GET /h2-console/icon_stop.gif HTTP/1.1" 200 215
0:0:0:0:0:0:0:1 - - [28/Dec/2022:09:55:21 -0500] "GET /h2-console/icon_run.gif HTTP/1.1" 200 379
0:0:0:0:0:0:0:1 - - [28/Dec/2022:09:55:21 -0500] "GET /h2-console/icon_run_selected.gif HTTP/1.1" 200 312
0:0:0:0:0:0:0:1 - - [28/Dec/2022:09:55:21 -0500] "GET /h2-console/icon_history.gif HTTP/1.1" 200 216
0:0:0:0:0:0:0:1 - - [28/Dec/2022:09:55:21 -0500] "GET /h2-console/icon_commit.gif HTTP/1.1" 200 323
0:0:0:0:0:0:0:1 - - [28/Dec/2022:09:55:21 -0500] "GET /h2-console/icon_help.gif HTTP/1.1" 200 373
0:0:0:0:0:0:0:1 - - [28/Dec/2022:09:55:21 -0500] "GET /h2-console/tables.do?jsessionid=bf7bfad1e1c7721a00489f842eae39d0 HTTP/1.1" 200 7961
0:0:0:0:0:0:0:1 - - [28/Dec/2022:09:55:21 -0500] "GET /h2-console/tree.js HTTP/1.1" 200 3185
0:0:0:0:0:0:0:1 - - [28/Dec/2022:09:55:21 -0500] "GET /h2-console/tree_minus.gif HTTP/1.1" 200 861
0:0:0:0:0:0:0:1 - - [28/Dec/2022:09:55:21 -0500] "GET /h2-console/tree_table.gif HTTP/1.1" 200 343
0:0:0:0:0:0:0:1 - - [28/Dec/2022:09:55:21 -0500] "GET /h2-console/tree_empty.gif HTTP/1.1" 200 62
0:0:0:0:0:0:0:1 - - [28/Dec/2022:09:55:21 -0500] "GET /h2-console/tree_column.gif HTTP/1.1" 200 317
0:0:0:0:0:0:0:1 - - [28/Dec/2022:09:55:21 -0500] "GET /h2-console/tree_plus.gif HTTP/1.1" 200 870
0:0:0:0:0:0:0:1 - - [28/Dec/2022:09:55:21 -0500] "GET /h2-console/tree_database.gif HTTP/1.1" 200 545
0:0:0:0:0:0:0:1 - - [28/Dec/2022:09:55:21 -0500] "GET /h2-console/tree_index_az.gif HTTP/1.1" 200 157
0:0:0:0:0:0:0:1 - - [28/Dec/2022:09:55:21 -0500] "GET /h2-console/tree_sequences.gif HTTP/1.1" 200 114
0:0:0:0:0:0:0:1 - - [28/Dec/2022:09:55:21 -0500] "GET /h2-console/tree_info.gif HTTP/1.1" 200 267
0:0:0:0:0:0:0:1 - - [28/Dec/2022:09:55:21 -0500] "GET /h2-console/tree_users.gif HTTP/1.1" 200 601
0:0:0:0:0:0:0:1 - - [28/Dec/2022:09:55:21 -0500] "GET /h2-console/tree_type.gif HTTP/1.1" 200 197
0:0:0:0:0:0:0:1 - - [28/Dec/2022:09:55:21 -0500] "GET /h2-console/tree_folder.gif HTTP/1.1" 200 372
0:0:0:0:0:0:0:1 - - [28/Dec/2022:09:55:21 -0500] "GET /h2-console/tree_index.gif HTTP/1.1" 200 152
0:0:0:0:0:0:0:1 - - [28/Dec/2022:09:55:21 -0500] "GET /h2-console/tree_user.gif HTTP/1.1" 200 500
0:0:0:0:0:0:0:1 - - [28/Dec/2022:09:55:21 -0500] "GET /h2-console/tree_sequence.gif HTTP/1.1" 200 91
0:0:0:0:0:0:0:1 - - [28/Dec/2022:09:55:37 -0500] "POST /h2-console/query.do?jsessionid=bf7bfad1e1c7721a00489f842eae39d0 HTTP/1.1" 200 1179
0:0:0:0:0:0:0:1 - - [28/Dec/2022:09:55:37 -0500] "GET /h2-console/stylesheet.css HTTP/1.1" 304 -
0:0:0:0:0:0:0:1 - - [28/Dec/2022:09:55:37 -0500] "GET /h2-console/table.js HTTP/1.1" 200 8930
0:0:0:0:0:0:0:1 - - [28/Dec/2022:09:56:23 -0500] "GET /api/solicitudes HTTP/1.1" 200 117
